app/build/intermediates/manifest_merge_blame_file/debug/manifest-merger-blame-debug-report.txt
1<?xml version="1.0" encoding="utf-8"?>
2<manifest xmlns:android="http://schemas.android.com/apk/res/android"
3    package="com.google.mlkit.vision.demo"
4    android:installLocation="auto"
5    android:versionCode="11"
6    android:versionName="1.11" >
7    <!--
8 CameraX libraries require minSdkVersion 21, while this quickstart app
9    supports low to 19. Needs to use overrideLibrary to make the merger tool
10    ignore this conflict and import the libraries while keeping the app's lower
11    minSdkVersion value. In code, will check SDK version, before calling CameraX
12    APIs.
13    -->
14    <uses-sdk
14-->src\main\AndroidManifest.xml:12:5-15:63
15        android:minSdkVersion="21"
15-->src\main\AndroidManifest.xml:12:5-15:63
16        android:targetSdkVersion="31" />
16-->src\main\AndroidManifest.xml:12:5-15:63
17
18    <uses-feature android:name="android.hardware.camera" />
18-->src\main\AndroidManifest.xml:17:5-59
18-->src\main\AndroidManifest.xml:17:19-57
19
20    <uses-permission android:name="android.permission.INTERNET" />
20-->src\main\AndroidManifest.xml:19:5-66
20-->src\main\AndroidManifest.xml:19:22-64
21    <uses-permission android:name="android.permission.WRITE_EXTERNAL_STORAGE" />
21-->src\main\AndroidManifest.xml:20:5-80
21-->src\main\AndroidManifest.xml:20:22-78
22    <uses-permission android:name="android.permission.READ_EXTERNAL_STORAGE" />
22-->src\main\AndroidManifest.xml:21:5-79
22-->src\main\AndroidManifest.xml:21:22-77
23    <uses-permission android:name="android.permission.CAMERA" />
23-->src\main\AndroidManifest.xml:22:5-64
23-->src\main\AndroidManifest.xml:22:22-62
24
25    <queries>
25-->src\main\AndroidManifest.xml:61:5-65:15
26        <intent>
26-->src\main\AndroidManifest.xml:62:9-64:18
27            <action android:name="android.media.action.IMAGE_CAPTURE" />
27-->src\main\AndroidManifest.xml:63:13-73
27-->src\main\AndroidManifest.xml:63:21-70
28        </intent>
29    </queries>
30
31    <!-- For remote config -->
32    <uses-permission android:name="android.permission.ACCESS_NETWORK_STATE" />
32-->[com.google.mlkit:pose-detection-common:18.0.0-beta2] AndroidManifest.xml:7:5-79
32-->[com.google.mlkit:pose-detection-common:18.0.0-beta2] AndroidManifest.xml:7:22-76
33    <uses-permission android:name="android.permission.WAKE_LOCK" />
33-->[androidx.work:work-runtime:2.7.0] AndroidManifest.xml:25:5-68
33-->[androidx.work:work-runtime:2.7.0] AndroidManifest.xml:25:22-65
34    <uses-permission android:name="android.permission.RECEIVE_BOOT_COMPLETED" />
34-->[androidx.work:work-runtime:2.7.0] AndroidManifest.xml:27:5-81
34-->[androidx.work:work-runtime:2.7.0] AndroidManifest.xml:27:22-78
35    <uses-permission android:name="android.permission.FOREGROUND_SERVICE" />
35-->[androidx.work:work-runtime:2.7.0] AndroidManifest.xml:28:5-77
35-->[androidx.work:work-runtime:2.7.0] AndroidManifest.xml:28:22-74
36
37    <application
37-->src\main\AndroidManifest.xml:24:5-60:19
38        android:name="androidx.multidex.MultiDexApplication"
38-->src\main\AndroidManifest.xml:25:9-61
39        android:appComponentFactory="androidx.core.app.CoreComponentFactory"
39-->[androidx.core:core:1.6.0] AndroidManifest.xml:24:18-86
40        android:debuggable="true"
41        android:icon="@drawable/logo_mlkit"
41-->src\main\AndroidManifest.xml:26:9-44
42        android:label="@string/app_name"
42-->src\main\AndroidManifest.xml:27:9-41
43        android:testOnly="true"
44        android:theme="@style/Theme.AppCompat" >
44-->src\main\AndroidManifest.xml:28:9-47
45        <meta-data
45-->src\main\AndroidManifest.xml:30:9-32:68
46            android:name="com.google.android.gms.version"
46-->src\main\AndroidManifest.xml:31:13-58
47            android:value="@integer/google_play_services_version" />
47-->src\main\AndroidManifest.xml:32:13-66
48
49        <!--
50          Optional: Add it to automatically download ML model to device after
51          your app is installed.
52        -->
53        <meta-data
53-->src\main\AndroidManifest.xml:36:9-38:62
54            android:name="com.google.mlkit.vision.DEPENDENCIES"
54-->src\main\AndroidManifest.xml:37:13-64
55            android:value="barcode,face,ocr,ica,custom_ica" />
55-->src\main\AndroidManifest.xml:38:13-60
56
57        <activity
57-->src\main\AndroidManifest.xml:40:9-48:20
58            android:name="com.google.mlkit.vision.demo.EntryChoiceActivity"
58-->src\main\AndroidManifest.xml:41:13-48
59            android:exported="true"
59-->src\main\AndroidManifest.xml:42:13-36
60            android:theme="@style/AppTheme" >
60-->src\main\AndroidManifest.xml:43:13-44
61            <intent-filter>
61-->src\main\AndroidManifest.xml:44:13-47:29
62                <action android:name="android.intent.action.MAIN" />
62-->src\main\AndroidManifest.xml:45:17-68
62-->src\main\AndroidManifest.xml:45:25-66
63
64                <category android:name="android.intent.category.LAUNCHER" />
64-->src\main\AndroidManifest.xml:46:17-76
64-->src\main\AndroidManifest.xml:46:27-74
65            </intent-filter>
66        </activity>
67        <activity
67-->src\main\AndroidManifest.xml:50:9-54:20
68            android:name="com.google.mlkit.vision.demo.kotlin.CameraXLivePreviewActivity"
68-->src\main\AndroidManifest.xml:51:13-62
69            android:exported="false"
69-->src\main\AndroidManifest.xml:52:13-37
70            android:theme="@style/AppTheme" >
70-->src\main\AndroidManifest.xml:53:13-44
71        </activity>
72        <activity
72-->src\main\AndroidManifest.xml:56:9-58:39
73            android:name="com.google.mlkit.vision.demo.preference.SettingsActivity"
73-->src\main\AndroidManifest.xml:57:13-56
74            android:exported="false" />
74-->src\main\AndroidManifest.xml:58:13-37
75
76        <!--
77             Required for ML Kit Pose Detection GPU acceleration. Applications that target Android
78             S+ require explicit declaration of any referenced vendor-provided libraries.
79        -->
80        <uses-native-library
80-->[com.google.mlkit:pose-detection-common:18.0.0-beta2] AndroidManifest.xml:16:9-18:40
81            android:name="libOpenCL.so"
81-->[com.google.mlkit:pose-detection-common:18.0.0-beta2] AndroidManifest.xml:17:13-40
82            android:required="false" />
82-->[com.google.mlkit:pose-detection-common:18.0.0-beta2] AndroidManifest.xml:18:13-37
83        <uses-native-library
83-->[com.google.mlkit:pose-detection-common:18.0.0-beta2] AndroidManifest.xml:16:9-18:40
84            android:name="libOpenCL-car.so"
84-->[com.google.mlkit:pose-detection-common:18.0.0-beta2] AndroidManifest.xml:17:13-40
85            android:required="false" />
85-->[com.google.mlkit:pose-detection-common:18.0.0-beta2] AndroidManifest.xml:18:13-37
86        <uses-native-library
86-->[com.google.mlkit:pose-detection-common:18.0.0-beta2] AndroidManifest.xml:16:9-18:40
87            android:name="libOpenCL-pixel.so"
87-->[com.google.mlkit:pose-detection-common:18.0.0-beta2] AndroidManifest.xml:17:13-40
88            android:required="false" />
88-->[com.google.mlkit:pose-detection-common:18.0.0-beta2] AndroidManifest.xml:18:13-37
89
90        <service
90-->[com.google.mlkit:pose-detection-common:18.0.0-beta2] AndroidManifest.xml:26:9-32:19
91            android:name="com.google.mlkit.common.internal.MlKitComponentDiscoveryService"
91-->[com.google.mlkit:pose-detection-common:18.0.0-beta2] AndroidManifest.xml:27:13-91
92            android:directBootAware="true"
92-->[com.google.mlkit:common:18.1.0] AndroidManifest.xml:17:13-43
93            android:exported="false" >
93-->[com.google.mlkit:pose-detection-common:18.0.0-beta2] AndroidManifest.xml:28:13-37
94            <meta-data
94-->[com.google.mlkit:pose-detection-common:18.0.0-beta2] AndroidManifest.xml:29:13-31:85
95                android:name="com.google.firebase.components:com.google.mlkit.vision.pose.internal.PoseRegistrar"
95-->[com.google.mlkit:pose-detection-common:18.0.0-beta2] AndroidManifest.xml:30:17-114
96                android:value="com.google.firebase.components.ComponentRegistrar" />
96-->[com.google.mlkit:pose-detection-common:18.0.0-beta2] AndroidManifest.xml:31:17-82
97            <meta-data
97-->[com.google.mlkit:object-detection:17.0.0] AndroidManifest.xml:14:13-16:85
98                android:name="com.google.firebase.components:com.google.mlkit.vision.objects.defaults.internal.DefaultObjectsRegistrar"
98-->[com.google.mlkit:object-detection:17.0.0] AndroidManifest.xml:15:17-136
99                android:value="com.google.firebase.components.ComponentRegistrar" />
99-->[com.google.mlkit:object-detection:17.0.0] AndroidManifest.xml:16:17-82
100            <meta-data
100-->[com.google.mlkit:object-detection-custom:17.0.0] AndroidManifest.xml:11:13-13:85
101                android:name="com.google.firebase.components:com.google.mlkit.vision.objects.custom.internal.CustomObjectsRegistrar"
101-->[com.google.mlkit:object-detection-custom:17.0.0] AndroidManifest.xml:12:17-133
102                android:value="com.google.firebase.components.ComponentRegistrar" />
102-->[com.google.mlkit:object-detection-custom:17.0.0] AndroidManifest.xml:13:17-82
103            <meta-data
103-->[com.google.mlkit:image-labeling:17.0.7] AndroidManifest.xml:11:13-13:85
104                android:name="com.google.firebase.components:com.google.mlkit.vision.label.defaults.internal.BundledLabelRegistrar"
104-->[com.google.mlkit:image-labeling:17.0.7] AndroidManifest.xml:12:17-132
105                android:value="com.google.firebase.components.ComponentRegistrar" />
105-->[com.google.mlkit:image-labeling:17.0.7] AndroidManifest.xml:13:17-82
106            <meta-data
106-->[com.google.mlkit:image-labeling-custom:17.0.1] AndroidManifest.xml:11:13-13:85
107                android:name="com.google.firebase.components:com.google.mlkit.vision.label.custom.internal.CustomLabelRegistrar"
107-->[com.google.mlkit:image-labeling-custom:17.0.1] AndroidManifest.xml:12:17-129
108                android:value="com.google.firebase.components.ComponentRegistrar" />
108-->[com.google.mlkit:image-labeling-custom:17.0.1] AndroidManifest.xml:13:17-82
109            <meta-data
109-->[com.google.mlkit:segmentation-selfie:16.0.0-beta4] AndroidManifest.xml:12:13-14:85
110                android:name="com.google.firebase.components:com.google.mlkit.vision.segmentation.internal.SegmentationRegistrar"
110-->[com.google.mlkit:segmentation-selfie:16.0.0-beta4] AndroidManifest.xml:13:17-130
111                android:value="com.google.firebase.components.ComponentRegistrar" />
111-->[com.google.mlkit:segmentation-selfie:16.0.0-beta4] AndroidManifest.xml:14:17-82
112            <meta-data
112-->[com.google.android.gms:play-services-mlkit-barcode-scanning:18.0.0] AndroidManifest.xml:12:13-14:85
113                android:name="com.google.firebase.components:com.google.mlkit.vision.barcode.internal.BarcodeRegistrar"
113-->[com.google.android.gms:play-services-mlkit-barcode-scanning:18.0.0] AndroidManifest.xml:13:17-120
114                android:value="com.google.firebase.components.ComponentRegistrar" />
114-->[com.google.android.gms:play-services-mlkit-barcode-scanning:18.0.0] AndroidManifest.xml:14:17-82
115            <meta-data
115-->[com.google.mlkit:vision-internal-vkp:18.2.2] AndroidManifest.xml:14:13-16:85
116                android:name="com.google.firebase.components:com.google.mlkit.vision.vkp.VkpRegistrar"
116-->[com.google.mlkit:vision-internal-vkp:18.2.2] AndroidManifest.xml:15:17-103
117                android:value="com.google.firebase.components.ComponentRegistrar" />
117-->[com.google.mlkit:vision-internal-vkp:18.2.2] AndroidManifest.xml:16:17-82
118            <meta-data
118-->[com.google.android.gms:play-services-mlkit-face-detection:17.0.1] AndroidManifest.xml:12:13-14:85
119                android:name="com.google.firebase.components:com.google.mlkit.vision.face.internal.FaceRegistrar"
119-->[com.google.android.gms:play-services-mlkit-face-detection:17.0.1] AndroidManifest.xml:13:17-114
120                android:value="com.google.firebase.components.ComponentRegistrar" />
120-->[com.google.android.gms:play-services-mlkit-face-detection:17.0.1] AndroidManifest.xml:14:17-82
121            <meta-data
121-->[com.google.android.gms:play-services-mlkit-text-recognition-common:17.0.0] AndroidManifest.xml:12:13-14:85
122                android:name="com.google.firebase.components:com.google.mlkit.vision.text.internal.TextRegistrar"
122-->[com.google.android.gms:play-services-mlkit-text-recognition-common:17.0.0] AndroidManifest.xml:13:17-114
123                android:value="com.google.firebase.components.ComponentRegistrar" />
123-->[com.google.android.gms:play-services-mlkit-text-recognition-common:17.0.0] AndroidManifest.xml:14:17-82
124            <meta-data
124-->[com.google.mlkit:vision-common:17.1.0] AndroidManifest.xml:12:13-14:85
125                android:name="com.google.firebase.components:com.google.mlkit.vision.common.internal.VisionCommonRegistrar"
125-->[com.google.mlkit:vision-common:17.1.0] AndroidManifest.xml:13:17-124
126                android:value="com.google.firebase.components.ComponentRegistrar" />
126-->[com.google.mlkit:vision-common:17.1.0] AndroidManifest.xml:14:17-82
127            <meta-data
127-->[com.google.mlkit:common:18.1.0] AndroidManifest.xml:20:13-22:85
128                android:name="com.google.firebase.components:com.google.mlkit.common.internal.CommonComponentRegistrar"
128-->[com.google.mlkit:common:18.1.0] AndroidManifest.xml:21:17-120
129                android:value="com.google.firebase.components.ComponentRegistrar" />
129-->[com.google.mlkit:common:18.1.0] AndroidManifest.xml:22:17-82
130        </service>
131        <service
131-->[com.google.mlkit:acceleration:16.0.0-beta1] AndroidManifest.xml:8:9-11:68
132            android:name="com.google.mlkit.acceleration.internal.MlKitRemoteWorkerService"
132-->[com.google.mlkit:acceleration:16.0.0-beta1] AndroidManifest.xml:9:13-91
133            android:exported="false"
133-->[com.google.mlkit:acceleration:16.0.0-beta1] AndroidManifest.xml:10:13-37
134            android:process=":mlkit_acceleration_mini_benchmark" />
134-->[com.google.mlkit:acceleration:16.0.0-beta1] AndroidManifest.xml:11:13-65
135        <service
135-->[androidx.work:work-multiprocess:2.7.0] AndroidManifest.xml:25:9-27:40
136            android:name="androidx.work.multiprocess.RemoteWorkManagerService"
136-->[androidx.work:work-multiprocess:2.7.0] AndroidManifest.xml:26:13-79
137            android:exported="false" />
137-->[androidx.work:work-multiprocess:2.7.0] AndroidManifest.xml:27:13-37
138
139        <provider
139-->[com.google.mlkit:common:18.1.0] AndroidManifest.xml:9:9-13:38
140            android:name="com.google.mlkit.common.internal.MlKitInitProvider"
140-->[com.google.mlkit:common:18.1.0] AndroidManifest.xml:10:13-78
141            android:authorities="com.google.mlkit.vision.demo.mlkitinitprovider"
141-->[com.google.mlkit:common:18.1.0] AndroidManifest.xml:11:13-69
142            android:exported="false"
142-->[com.google.mlkit:common:18.1.0] AndroidManifest.xml:12:13-37
143            android:initOrder="99" />
143-->[com.google.mlkit:common:18.1.0] AndroidManifest.xml:13:13-35
144
145        <activity
145-->[com.google.android.gms:play-services-base:18.0.1] AndroidManifest.xml:20:9-22:45
146            android:name="com.google.android.gms.common.api.GoogleApiActivity"
146-->[com.google.android.gms:play-services-base:18.0.1] AndroidManifest.xml:20:19-85
147            android:exported="false"
147-->[com.google.android.gms:play-services-base:18.0.1] AndroidManifest.xml:22:19-43
148            android:theme="@android:style/Theme.Translucent.NoTitleBar" />
148-->[com.google.android.gms:play-services-base:18.0.1] AndroidManifest.xml:21:19-78
149
150        <provider
150-->[androidx.work:work-runtime:2.7.0] AndroidManifest.xml:31:9-39:20
151            android:name="androidx.startup.InitializationProvider"
151-->[androidx.work:work-runtime:2.7.0] AndroidManifest.xml:32:13-67
152            android:authorities="com.google.mlkit.vision.demo.androidx-startup"
152-->[androidx.work:work-runtime:2.7.0] AndroidManifest.xml:33:13-68
153            android:exported="false" >
153-->[androidx.work:work-runtime:2.7.0] AndroidManifest.xml:34:13-37
154            <meta-data
154-->[androidx.work:work-runtime:2.7.0] AndroidManifest.xml:36:13-38:52
155                android:name="androidx.work.WorkManagerInitializer"
155-->[androidx.work:work-runtime:2.7.0] AndroidManifest.xml:37:17-68
156                android:value="androidx.startup" />
156-->[androidx.work:work-runtime:2.7.0] AndroidManifest.xml:38:17-49
157        </provider>
158
159        <service
159-->[androidx.work:work-runtime:2.7.0] AndroidManifest.xml:41:9-46:35
160            android:name="androidx.work.impl.background.systemalarm.SystemAlarmService"
160-->[androidx.work:work-runtime:2.7.0] AndroidManifest.xml:42:13-88
161            android:directBootAware="false"
161-->[androidx.work:work-runtime:2.7.0] AndroidManifest.xml:43:13-44
162            android:enabled="@bool/enable_system_alarm_service_default"
162-->[androidx.work:work-runtime:2.7.0] AndroidManifest.xml:44:13-72
163            android:exported="false" />
163-->[androidx.work:work-runtime:2.7.0] AndroidManifest.xml:45:13-37
164        <service
164-->[androidx.work:work-runtime:2.7.0] AndroidManifest.xml:47:9-53:35
165            android:name="androidx.work.impl.background.systemjob.SystemJobService"
165-->[androidx.work:work-runtime:2.7.0] AndroidManifest.xml:48:13-84
166            android:directBootAware="false"
166-->[androidx.work:work-runtime:2.7.0] AndroidManifest.xml:49:13-44
167            android:enabled="@bool/enable_system_job_service_default"
167-->[androidx.work:work-runtime:2.7.0] AndroidManifest.xml:50:13-70
168            android:exported="true"
168-->[androidx.work:work-runtime:2.7.0] AndroidManifest.xml:51:13-36
169            android:permission="android.permission.BIND_JOB_SERVICE" />
169-->[androidx.work:work-runtime:2.7.0] AndroidManifest.xml:52:13-69
170        <service
170-->[androidx.work:work-runtime:2.7.0] AndroidManifest.xml:54:9-59:35
171            android:name="androidx.work.impl.foreground.SystemForegroundService"
171-->[androidx.work:work-runtime:2.7.0] AndroidManifest.xml:55:13-81
172            android:directBootAware="false"
172-->[androidx.work:work-runtime:2.7.0] AndroidManifest.xml:56:13-44
173            android:enabled="@bool/enable_system_foreground_service_default"
173-->[androidx.work:work-runtime:2.7.0] AndroidManifest.xml:57:13-77
174            android:exported="false" />
174-->[androidx.work:work-runtime:2.7.0] AndroidManifest.xml:58:13-37
175
176        <receiver
176-->[androidx.work:work-runtime:2.7.0] AndroidManifest.xml:61:9-66:35
177            android:name="androidx.work.impl.utils.ForceStopRunnable$BroadcastReceiver"
177-->[androidx.work:work-runtime:2.7.0] AndroidManifest.xml:62:13-88
178            android:directBootAware="false"
178-->[androidx.work:work-runtime:2.7.0] AndroidManifest.xml:63:13-44
179            android:enabled="true"
179-->[androidx.work:work-runtime:2.7.0] AndroidManifest.xml:64:13-35
180            android:exported="false" />
180-->[androidx.work:work-runtime:2.7.0] AndroidManifest.xml:65:13-37
181        <receiver
181-->[androidx.work:work-runtime:2.7.0] AndroidManifest.xml:67:9-77:20
182            android:name="androidx.work.impl.background.systemalarm.ConstraintProxy$BatteryChargingProxy"
182-->[androidx.work:work-runtime:2.7.0] AndroidManifest.xml:68:13-106
183            android:directBootAware="false"
183-->[androidx.work:work-runtime:2.7.0] AndroidManifest.xml:69:13-44
184            android:enabled="false"
184-->[androidx.work:work-runtime:2.7.0] AndroidManifest.xml:70:13-36
185            android:exported="false" >
185-->[androidx.work:work-runtime:2.7.0] AndroidManifest.xml:71:13-37
186            <intent-filter>
186-->[androidx.work:work-runtime:2.7.0] AndroidManifest.xml:73:13-76:29
187                <action android:name="android.intent.action.ACTION_POWER_CONNECTED" />
187-->[androidx.work:work-runtime:2.7.0] AndroidManifest.xml:74:17-87
187-->[androidx.work:work-runtime:2.7.0] AndroidManifest.xml:74:25-84
188                <action android:name="android.intent.action.ACTION_POWER_DISCONNECTED" />
188-->[androidx.work:work-runtime:2.7.0] AndroidManifest.xml:75:17-90
188-->[androidx.work:work-runtime:2.7.0] AndroidManifest.xml:75:25-87
189            </intent-filter>
190        </receiver>
191        <receiver
191-->[androidx.work:work-runtime:2.7.0] AndroidManifest.xml:78:9-88:20
192            android:name="androidx.work.impl.background.systemalarm.ConstraintProxy$BatteryNotLowProxy"
192-->[androidx.work:work-runtime:2.7.0] AndroidManifest.xml:79:13-104
193            android:directBootAware="false"
193-->[androidx.work:work-runtime:2.7.0] AndroidManifest.xml:80:13-44
194            android:enabled="false"
194-->[androidx.work:work-runtime:2.7.0] AndroidManifest.xml:81:13-36
195            android:exported="false" >
195-->[androidx.work:work-runtime:2.7.0] AndroidManifest.xml:82:13-37
196            <intent-filter>
196-->[androidx.work:work-runtime:2.7.0] AndroidManifest.xml:84:13-87:29
197                <action android:name="android.intent.action.BATTERY_OKAY" />
197-->[androidx.work:work-runtime:2.7.0] AndroidManifest.xml:85:17-77
197-->[androidx.work:work-runtime:2.7.0] AndroidManifest.xml:85:25-74
198                <action android:name="android.intent.action.BATTERY_LOW" />
198-->[androidx.work:work-runtime:2.7.0] AndroidManifest.xml:86:17-76
198-->[androidx.work:work-runtime:2.7.0] AndroidManifest.xml:86:25-73
199            </intent-filter>
200        </receiver>
201        <receiver
201-->[androidx.work:work-runtime:2.7.0] AndroidManifest.xml:89:9-99:20
202            android:name="androidx.work.impl.background.systemalarm.ConstraintProxy$StorageNotLowProxy"
202-->[androidx.work:work-runtime:2.7.0] AndroidManifest.xml:90:13-104
203            android:directBootAware="false"
203-->[androidx.work:work-runtime:2.7.0] AndroidManifest.xml:91:13-44
204            android:enabled="false"
204-->[androidx.work:work-runtime:2.7.0] AndroidManifest.xml:92:13-36
205            android:exported="false" >
205-->[androidx.work:work-runtime:2.7.0] AndroidManifest.xml:93:13-37
206            <intent-filter>
206-->[androidx.work:work-runtime:2.7.0] AndroidManifest.xml:95:13-98:29
207                <action android:name="android.intent.action.DEVICE_STORAGE_LOW" />
207-->[androidx.work:work-runtime:2.7.0] AndroidManifest.xml:96:17-83
207-->[androidx.work:work-runtime:2.7.0] AndroidManifest.xml:96:25-80
208                <action android:name="android.intent.action.DEVICE_STORAGE_OK" />
208-->[androidx.work:work-runtime:2.7.0] AndroidManifest.xml:97:17-82
208-->[androidx.work:work-runtime:2.7.0] AndroidManifest.xml:97:25-79
209            </intent-filter>
210        </receiver>
211        <receiver
211-->[androidx.work:work-runtime:2.7.0] AndroidManifest.xml:100:9-109:20
212            android:name="androidx.work.impl.background.systemalarm.ConstraintProxy$NetworkStateProxy"
212-->[androidx.work:work-runtime:2.7.0] AndroidManifest.xml:101:13-103
213            android:directBootAware="false"
213-->[androidx.work:work-runtime:2.7.0] AndroidManifest.xml:102:13-44
214            android:enabled="false"
214-->[androidx.work:work-runtime:2.7.0] AndroidManifest.xml:103:13-36
215            android:exported="false" >
215-->[androidx.work:work-runtime:2.7.0] AndroidManifest.xml:104:13-37
216            <intent-filter>
216-->[androidx.work:work-runtime:2.7.0] AndroidManifest.xml:106:13-108:29
217                <action android:name="android.net.conn.CONNECTIVITY_CHANGE" />
217-->[androidx.work:work-runtime:2.7.0] AndroidManifest.xml:107:17-79
217-->[androidx.work:work-runtime:2.7.0] AndroidManifest.xml:107:25-76
218            </intent-filter>
219        </receiver>
220        <receiver
220-->[androidx.work:work-runtime:2.7.0] AndroidManifest.xml:110:9-121:20
221            android:name="androidx.work.impl.background.systemalarm.RescheduleReceiver"
221-->[androidx.work:work-runtime:2.7.0] AndroidManifest.xml:111:13-88
222            android:directBootAware="false"
222-->[androidx.work:work-runtime:2.7.0] AndroidManifest.xml:112:13-44
223            android:enabled="false"
223-->[androidx.work:work-runtime:2.7.0] AndroidManifest.xml:113:13-36
224            android:exported="false" >
224-->[androidx.work:work-runtime:2.7.0] AndroidManifest.xml:114:13-37
225            <intent-filter>
225-->[androidx.work:work-runtime:2.7.0] AndroidManifest.xml:116:13-120:29
226                <action android:name="android.intent.action.BOOT_COMPLETED" />
226-->[androidx.work:work-runtime:2.7.0] AndroidManifest.xml:117:17-79
226-->[androidx.work:work-runtime:2.7.0] AndroidManifest.xml:117:25-76
227                <action android:name="android.intent.action.TIME_SET" />
227-->[androidx.work:work-runtime:2.7.0] AndroidManifest.xml:118:17-73
227-->[androidx.work:work-runtime:2.7.0] AndroidManifest.xml:118:25-70
228                <action android:name="android.intent.action.TIMEZONE_CHANGED" />
228-->[androidx.work:work-runtime:2.7.0] AndroidManifest.xml:119:17-81
228-->[androidx.work:work-runtime:2.7.0] AndroidManifest.xml:119:25-78
229            </intent-filter>
230        </receiver>
231        <receiver
231-->[androidx.work:work-runtime:2.7.0] AndroidManifest.xml:122:9-131:20
232            android:name="androidx.work.impl.background.systemalarm.ConstraintProxyUpdateReceiver"
232-->[androidx.work:work-runtime:2.7.0] AndroidManifest.xml:123:13-99
233            android:directBootAware="false"
233-->[androidx.work:work-runtime:2.7.0] AndroidManifest.xml:124:13-44
234            android:enabled="@bool/enable_system_alarm_service_default"
234-->[androidx.work:work-runtime:2.7.0] AndroidManifest.xml:125:13-72
235            android:exported="false" >
235-->[androidx.work:work-runtime:2.7.0] AndroidManifest.xml:126:13-37
236            <intent-filter>
236-->[androidx.work:work-runtime:2.7.0] AndroidManifest.xml:128:13-130:29
237                <action android:name="androidx.work.impl.background.systemalarm.UpdateProxies" />
237-->[androidx.work:work-runtime:2.7.0] AndroidManifest.xml:129:17-98
237-->[androidx.work:work-runtime:2.7.0] AndroidManifest.xml:129:25-95
238            </intent-filter>
239        </receiver>
240        <receiver
240-->[androidx.work:work-runtime:2.7.0] AndroidManifest.xml:132:9-142:20
241            android:name="androidx.work.impl.diagnostics.DiagnosticsReceiver"
241-->[androidx.work:work-runtime:2.7.0] AndroidManifest.xml:133:13-78
242            android:directBootAware="false"
242-->[androidx.work:work-runtime:2.7.0] AndroidManifest.xml:134:13-44
243            android:enabled="true"
243-->[androidx.work:work-runtime:2.7.0] AndroidManifest.xml:135:13-35
244            android:exported="true"
244-->[androidx.work:work-runtime:2.7.0] AndroidManifest.xml:136:13-36
245            android:permission="android.permission.DUMP" >
245-->[androidx.work:work-runtime:2.7.0] AndroidManifest.xml:137:13-57
246            <intent-filter>
246-->[androidx.work:work-runtime:2.7.0] AndroidManifest.xml:139:13-141:29
247                <action android:name="androidx.work.diagnostics.REQUEST_DIAGNOSTICS" />
247-->[androidx.work:work-runtime:2.7.0] AndroidManifest.xml:140:17-88
247-->[androidx.work:work-runtime:2.7.0] AndroidManifest.xml:140:25-85
248            </intent-filter>
249        </receiver>
250
251        <service
251-->[com.google.android.datatransport:transport-backend-cct:2.3.3] AndroidManifest.xml:29:9-35:19
252            android:name="com.google.android.datatransport.runtime.backends.TransportBackendDiscovery"
252-->[com.google.android.datatransport:transport-backend-cct:2.3.3] AndroidManifest.xml:30:13-103
253            android:exported="false" >
253-->[com.google.android.datatransport:transport-backend-cct:2.3.3] AndroidManifest.xml:31:13-37
254            <meta-data
254-->[com.google.android.datatransport:transport-backend-cct:2.3.3] AndroidManifest.xml:32:13-34:39
255                android:name="backend:com.google.android.datatransport.cct.CctBackendFactory"
255-->[com.google.android.datatransport:transport-backend-cct:2.3.3] AndroidManifest.xml:33:17-94
256                android:value="cct" />
256-->[com.google.android.datatransport:transport-backend-cct:2.3.3] AndroidManifest.xml:34:17-36
257        </service>
258        <service
258-->[com.google.android.datatransport:transport-runtime:2.2.6] AndroidManifest.xml:26:9-30:19
259            android:name="com.google.android.datatransport.runtime.scheduling.jobscheduling.JobInfoSchedulerService"
259-->[com.google.android.datatransport:transport-runtime:2.2.6] AndroidManifest.xml:27:13-117
260            android:exported="false"
260-->[com.google.android.datatransport:transport-runtime:2.2.6] AndroidManifest.xml:28:13-37
261            android:permission="android.permission.BIND_JOB_SERVICE" >
261-->[com.google.android.datatransport:transport-runtime:2.2.6] AndroidManifest.xml:29:13-69
262        </service>
263
264        <receiver
264-->[com.google.android.datatransport:transport-runtime:2.2.6] AndroidManifest.xml:32:9-34:40
265            android:name="com.google.android.datatransport.runtime.scheduling.jobscheduling.AlarmManagerSchedulerBroadcastReceiver"
265-->[com.google.android.datatransport:transport-runtime:2.2.6] AndroidManifest.xml:33:13-132
266            android:exported="false" />
266-->[com.google.android.datatransport:transport-runtime:2.2.6] AndroidManifest.xml:34:13-37
267
268        <service
268-->[androidx.room:room-runtime:2.2.5] AndroidManifest.xml:25:9-28:40
269            android:name="androidx.room.MultiInstanceInvalidationService"
269-->[androidx.room:room-runtime:2.2.5] AndroidManifest.xml:26:13-74
270            android:directBootAware="true"